# hmmsearch :: search profile(s) against a sequence database
# HMMER 3.1b2 (February 2015); http://hmmer.org/
# Copyright (C) 2015 Howard Hughes Medical Institute.
# Freely distributed under the GNU General Public License (GPLv3).
# - - - - - - - - - - - - - - - - - - - - - - - - - - - - - - - - - - - -
# query HMM file:                  COG0096.HMM
# target sequence database:        ../MetaSpore/MetaSpore/data/outgroup/GCF_000719865.1_ASM71986v1_protein.faa
# output directed to file:         ../MetaSpore/MetaSpore/data/outgroup/GCF_000719865.1_COG0096_HMM.out
# per-seq hits tabular output:     ../MetaSpore/MetaSpore/data/outgroup/GCF_000719865.1_ASM71986v1_COG0096_HMM.txt
# sequence reporting threshold:    E-value <= 1e-05
# - - - - - - - - - - - - - - - - - - - - - - - - - - - - - - - - - - - -

Query:       NOG.COG0096.clustalo_raw  [M=1636]
Scores for complete sequences (score includes all domains):
   --- full sequence ---   --- best 1 domain ---    -#dom-
    E-value  score  bias    E-value  score  bias    exp  N  Sequence       Description
    ------- ------ -----    ------- ------ -----   ---- --  --------       -----------
    2.2e-25   86.7   0.0    2.5e-25   86.6   0.0    1.0  1  WP_019707834.1  MULTISPECIES: 30S ribosomal protein S8 [Strep


Domain annotation for each sequence (and alignments):
>> WP_019707834.1  MULTISPECIES: 30S ribosomal protein S8 [Streptomyces]
   #    score  bias  c-Evalue  i-Evalue hmmfrom  hmm to    alifrom  ali to    envfrom  env to     acc
 ---   ------ ----- --------- --------- ------- -------    ------- -------    ------- -------    ----
   1 !   86.6   0.0   4.5e-29   2.5e-25    1506    1636 .]       1     132 []       1     132 [] 0.96

  Alignments for each domain:
  == domain 1  score: 86.6 bits;  conditional E-value: 4.5e-29
  NOG.COG0096.clustalo_raw 1506 mvrtsvladalksirnaekrgkrqvlirpsskviikfltvmqkeggyigefeivddhrsgk.ivveLkgr......lnkcgvi 1581
                                m++t+++ad+l+++rna+++ +++v  +p+sk++ ++++++q+eg +i+ ++  d +  gk +v eLk        +  +++i
            WP_019707834.1    1 MTMTDPIADMLTRLRNANSAYHDTVV-MPHSKIKSHIAEILQQEG-FITGWKTEDAEV-GKnLVLELKFGpnrersIAGIKRI 80  
                                89*********************986.*****************9.*********995.555******99999********** PP

  NOG.COG0096.clustalo_raw 1582 s...prfdvklkeiekwtsrlLpsr..qfGiivlttsaGimdheearrkhvGGkvlgffy 1636
                                s   +r+++k ++        Lp++  ++G+++++ts+G+++ ++a++k vGG+vl++++
            WP_019707834.1   81 SkpgLRVYAKSTN--------LPKVlgGLGVAIISTSHGLLTGQQAQKKGVGGEVLAYVW 132 
                                **99999999999........*************************************98 PP



Internal pipeline statistics summary:
-------------------------------------
Query model(s):                              1  (1636 nodes)
Target sequences:                         5494  (1854859 residues searched)
Passed MSV filter:                        44  (0.00800874); expected 109.9 (0.02)
Passed bias filter:                       43  (0.00782672); expected 109.9 (0.02)
Passed Vit filter:                         5  (0.000910084); expected 5.5 (0.001)
Passed Fwd filter:                         1  (0.000182017); expected 0.1 (1e-05)
Initial search space (Z):               5494  [actual number of targets]
Domain search space  (domZ):               1  [number of targets reported over threshold]
# CPU time: 0.15u 0.03s 00:00:00.18 Elapsed: 00:00:00.08
# Mc/sec: 37931.87
//
[ok]
