# hmmsearch :: search profile(s) against a sequence database
# HMMER 3.1b2 (February 2015); http://hmmer.org/
# Copyright (C) 2015 Howard Hughes Medical Institute.
# Freely distributed under the GNU General Public License (GPLv3).
# - - - - - - - - - - - - - - - - - - - - - - - - - - - - - - - - - - - -
# query HMM file:                  TIGR01009.HMM
# target sequence database:        ../MetaSpore/MetaSpore/data/outgroup/GCF_000494755.1_ASM49475v1_protein.faa
# output directed to file:         ../MetaSpore/MetaSpore/data/outgroup/GCF_000494755.1_ASM49475v1_TIGR01009_HMM.out
# per-seq hits tabular output:     ../MetaSpore/MetaSpore/data/outgroup/GCF_000494755.1_ASM49475v1_TIGR01009_HMM.txt
# sequence reporting threshold:    E-value <= 1e-05
# - - - - - - - - - - - - - - - - - - - - - - - - - - - - - - - - - - - -

Query:       TIGR01009  [M=212]
Accession:   TIGR01009
Description: rpsC_bact: ribosomal protein uS3
Scores for complete sequences (score includes all domains):
   --- full sequence ---   --- best 1 domain ---    -#dom-
    E-value  score  bias    E-value  score  bias    exp  N  Sequence Description
    ------- ------ -----    ------- ------ -----   ---- --  -------- -----------

   [No hits detected that satisfy reporting thresholds]


Domain annotation for each sequence (and alignments):

   [No targets detected that satisfy reporting thresholds]


Internal pipeline statistics summary:
-------------------------------------
Query model(s):                              1  (212 nodes)
Target sequences:                         8429  (2771992 residues searched)
Passed MSV filter:                       193  (0.0228971); expected 168.6 (0.02)
Passed bias filter:                      179  (0.0212362); expected 168.6 (0.02)
Passed Vit filter:                        13  (0.00154229); expected 8.4 (0.001)
Passed Fwd filter:                         0  (0); expected 0.1 (1e-05)
Initial search space (Z):               8429  [actual number of targets]
Domain search space  (domZ):               0  [number of targets reported over threshold]
# CPU time: 0.04u 0.03s 00:00:00.07 Elapsed: 00:00:00.03
# Mc/sec: 19588.74
//
[ok]
